20:24:20,605  WARN [main] root - select test_id from test_table where test_id = '17'
20:24:20,673  WARN [main] root - Execution result of method with name precondition is true
20:24:20,679  WARN [main] root - Execution result of method with name dc is true
20:24:20,683  WARN [main] root - select test_id from test_table where test_id = '17'
20:24:20,688  INFO [main] root - 1 17
20:24:20,688  INFO [main] root - result is: true
20:24:20,688  INFO [main] root - Map value is 17
20:24:20,688  WARN [main] root - Execution result of method with name precondition is true
20:24:20,693  WARN [main] root - Execution result of method with name dc is true
20:24:20,694  WARN [main] root - select test_id from test_table
20:24:20,696  INFO [main] root - 1 100
20:24:20,696  INFO [main] root - result is: true
20:24:20,696  INFO [main] root - Map value is 100
20:24:20,697  INFO [main] root - 2 15
20:24:20,697  INFO [main] root - result is: true
20:24:20,697  INFO [main] root - Map value is 15
20:24:20,697  INFO [main] root - 3 16
20:24:20,697  INFO [main] root - result is: true
20:24:20,697  INFO [main] root - Map value is 16
20:24:20,697 ERROR [main] root - java.lang.IndexOutOfBoundsException: Index: 3, Size: 3
20:26:31,193  WARN [main] root - select test_id from test_table where test_id = '17'
20:29:37,085  WARN [main] root - Execution result of method with name precondition is true
20:29:37,638  WARN [main] root - Execution result of method with name dc is true
20:29:37,643  WARN [main] root - select test_id from test_table where test_id = '17'
20:29:44,549  INFO [main] root - 1 17
20:29:44,550  INFO [main] root - result is: true
20:29:44,550  INFO [main] root - Map value is 17
20:29:56,914  WARN [main] root - Execution result of method with name precondition is true
20:29:57,476  WARN [main] root - Execution result of method with name dc is true
20:29:57,477  WARN [main] root - select test_id from test_table
20:30:00,321  INFO [main] root - 1 100
20:30:00,321  INFO [main] root - result is: true
20:30:00,321  INFO [main] root - Map value is 100
20:30:12,771  INFO [main] root - 2 15
20:30:18,819  INFO [main] root - result is: true
20:30:19,427  INFO [main] root - Map value is 15
20:30:30,081  INFO [main] root - 3 16
20:30:30,514  INFO [main] root - result is: true
20:30:30,866  INFO [main] root - Map value is 16
20:31:38,710 ERROR [main] root - java.lang.IndexOutOfBoundsException: Index: 3, Size: 3
20:32:04,907  WARN [main] root - select test_id from test_table where test_id = '17'
20:32:04,965  WARN [main] root - Execution result of method with name precondition is true
20:32:04,971  WARN [main] root - Execution result of method with name dc is true
20:32:04,975  WARN [main] root - select test_id from test_table where test_id = '17'
20:32:04,979  INFO [main] root - 1 17
20:32:04,979  INFO [main] root - result is: true
20:32:04,979  INFO [main] root - Map value is 17
20:32:04,979  WARN [main] root - Execution result of method with name precondition is true
20:32:04,983  WARN [main] root - Execution result of method with name dc is true
20:32:04,984  WARN [main] root - select test_id from test_table
20:32:04,987  INFO [main] root - 1 100
20:32:04,987  INFO [main] root - result is: true
20:32:04,987  INFO [main] root - Map value is 100
20:32:04,987  INFO [main] root - 2 15
20:32:04,987  INFO [main] root - result is: true
20:32:04,987  INFO [main] root - Map value is 15
20:32:04,987  INFO [main] root - 3 16
20:32:04,987  INFO [main] root - result is: true
20:32:04,987  INFO [main] root - Map value is 16
20:32:04,987  WARN [main] root - Execution result of method with name precondition is true
20:32:33,882  WARN [main] root - select test_id from test_table where test_id = '17'
20:32:33,939  WARN [main] root - Execution result of method with name precondition is true
20:32:33,944  WARN [main] root - Execution result of method with name dc is true
20:32:33,948  WARN [main] root - select test_id from test_table where test_id = '17'
20:32:33,951  INFO [main] root - 1 17
20:32:33,951  INFO [main] root - result is: true
20:32:33,951  INFO [main] root - Map value is 17
20:32:33,951  WARN [main] root - Execution result of method with name precondition is true
20:32:33,954  WARN [main] root - Execution result of method with name dc is true
20:32:33,955  WARN [main] root - select test_id from test_table
20:32:33,958  INFO [main] root - 1 100
20:32:33,958  INFO [main] root - result is: true
20:32:33,958  INFO [main] root - Map value is 100
20:32:33,958  INFO [main] root - 2 15
20:32:33,958  INFO [main] root - result is: true
20:32:33,958  INFO [main] root - Map value is 15
20:32:33,958  INFO [main] root - 3 16
20:32:33,958  INFO [main] root - result is: true
20:32:33,958  INFO [main] root - Map value is 16
20:32:33,958  WARN [main] root - Execution result of method with name precondition is true
20:34:39,541  WARN [main] root - select test_id from test_table where test_id = '17'
20:34:39,598  WARN [main] root - Execution result of method with name precondition is true
20:34:39,604  WARN [main] root - Execution result of method with name dc is true
20:34:39,608  WARN [main] root - select test_id from test_table where test_id = '17'
20:34:39,612  INFO [main] root - 1 17
20:34:39,612  INFO [main] root - result is: true
20:34:39,612  INFO [main] root - Map value is 17
20:34:39,612  WARN [main] root - Execution result of method with name precondition is true
20:34:39,617  WARN [main] root - Execution result of method with name dc is true
20:34:39,618  WARN [main] root - select test_id from test_table
20:34:39,624  INFO [main] root - 1 100
20:34:39,624  INFO [main] root - result is: true
20:34:39,624  INFO [main] root - Map value is 100
20:34:39,624  INFO [main] root - 2 15
20:34:39,624  INFO [main] root - result is: true
20:34:39,624  INFO [main] root - Map value is 15
20:34:39,624  INFO [main] root - 3 16
20:34:39,624  INFO [main] root - result is: true
20:34:39,624  INFO [main] root - Map value is 16
20:34:39,624  WARN [main] root - Execution result of method with name precondition is true
20:34:47,281  WARN [main] com.documentum.fc.common.DfPreferences - [DFC_PREFERENCE_UNKNOWN_NAME] "dfc.session.maximum_count" is not a recognized preference name
com.documentum.fc.impl.util.ThrowableStack
	at com.documentum.fc.common.impl.preferences.TypedPreferences.warnOnceAboutUnknownPreference(TypedPreferences.java:420)
	at com.documentum.fc.common.impl.preferences.TypedPreferences.warnAboutUnknownPreferences(TypedPreferences.java:411)
	at com.documentum.fc.common.impl.preferences.TypedPreferences.loadProperties(TypedPreferences.java:335)
	at com.documentum.fc.common.DfPreferences.loadProperties(DfPreferences.java:377)
	at com.documentum.fc.common.impl.preferences.PreferencesManager.<init>(PreferencesManager.java:42)
	at com.documentum.fc.common.DfPreferences.initialize(DfPreferences.java:64)
	at com.documentum.fc.common.DfPreferences.getInstance(DfPreferences.java:43)
	at com.documentum.fc.client.DfSimpleDbor.getDefaultDbor(DfSimpleDbor.java:78)
	at com.documentum.fc.client.DfSimpleDbor.<init>(DfSimpleDbor.java:66)
	at com.documentum.fc.client.DfClient$ClientImpl.<init>(DfClient.java:334)
	at com.documentum.fc.client.DfClient.<clinit>(DfClient.java:728)
	at com.documentum.com.DfClientX.getLocalClient(DfClientX.java:43)
	at util.Utils.getSession(Utils.java:37)
	at main.test.DQLExecutorMainTest.main(DQLExecutorMainTest.java:43)
	at sun.reflect.NativeMethodAccessorImpl.invoke0(Native Method)
	at sun.reflect.NativeMethodAccessorImpl.invoke(NativeMethodAccessorImpl.java:39)
	at sun.reflect.DelegatingMethodAccessorImpl.invoke(DelegatingMethodAccessorImpl.java:25)
	at java.lang.reflect.Method.invoke(Method.java:597)
	at com.intellij.rt.execution.application.AppMain.main(AppMain.java:120)
20:34:49,351  WARN [main] com.documentum.fc.common.DfPreferences - [DFC_PREFERENCE_UNKNOWN_NAME] "dfc.session.maximum_count" is not a recognized preference name
com.documentum.fc.impl.util.ThrowableStack
	at com.documentum.fc.common.impl.preferences.TypedPreferences.warnOnceAboutUnknownPreference(TypedPreferences.java:420)
	at com.documentum.fc.common.impl.preferences.TypedPreferences.warnAboutUnknownPreferences(TypedPreferences.java:411)
	at com.documentum.fc.common.impl.preferences.TypedPreferences.loadProperties(TypedPreferences.java:335)
	at com.documentum.fc.common.DfPreferences.loadProperties(DfPreferences.java:377)
	at com.documentum.fc.common.impl.preferences.PreferencesManager.<init>(PreferencesManager.java:43)
	at com.documentum.fc.common.DfPreferences.initialize(DfPreferences.java:64)
	at com.documentum.fc.common.DfPreferences.getInstance(DfPreferences.java:43)
	at com.documentum.fc.client.DfSimpleDbor.getDefaultDbor(DfSimpleDbor.java:78)
	at com.documentum.fc.client.DfSimpleDbor.<init>(DfSimpleDbor.java:66)
	at com.documentum.fc.client.DfClient$ClientImpl.<init>(DfClient.java:334)
	at com.documentum.fc.client.DfClient.<clinit>(DfClient.java:728)
	at com.documentum.com.DfClientX.getLocalClient(DfClientX.java:43)
	at util.Utils.getSession(Utils.java:37)
	at main.test.DQLExecutorMainTest.main(DQLExecutorMainTest.java:43)
	at sun.reflect.NativeMethodAccessorImpl.invoke0(Native Method)
	at sun.reflect.NativeMethodAccessorImpl.invoke(NativeMethodAccessorImpl.java:39)
	at sun.reflect.DelegatingMethodAccessorImpl.invoke(DelegatingMethodAccessorImpl.java:25)
	at java.lang.reflect.Method.invoke(Method.java:597)
	at com.intellij.rt.execution.application.AppMain.main(AppMain.java:120)
20:34:49,563  INFO [main] com.documentum.fc.client.security.impl.JKSKeystoreUtilForDfc - keystore file name is D:\SVNProjects\hudson_dc_execution\out\production\hudson_dc_execution\dfc.keystore
20:34:50,257  INFO [main] com.documentum.fc.client.security.internal.CreateIdentityCredential$MultiFormatPKIKeyPair - generated RSA (1 024-bit strength) mutiformat key pair in 117 ms
20:34:50,348  INFO [main] com.documentum.fc.client.security.internal.CreateIdentityCredential - certificate created for DFC <CN=dfc_sBv3sSX5wRtUA9LCvDiSAcUT1sIa,O=EMC,OU=Documentum> valid from Tue Jun 18 20:29:49 MSD 2013 to Fri Jun 16 20:34:49 MSD 2023:

20:34:50,348  INFO [main] com.documentum.fc.client.security.impl.JKSKeystoreUtilForDfc - keystore file name is D:\SVNProjects\hudson_dc_execution\out\production\hudson_dc_execution\dfc.keystore
20:34:50,422  INFO [main] com.documentum.fc.client.security.impl.InitializeKeystoreForDfc - [DFC_SECURITY_IDENTITY_INITIALIZED] Initialized new identity in keystore, DFC alias=dfc, identity=dfc_sBv3sSX5wRtUA9LCvDiSAcUT1sIa
20:34:50,423  INFO [main] com.documentum.fc.client.security.impl.AuthenticationMgrForDfc - identity for authentication is dfc_sBv3sSX5wRtUA9LCvDiSAcUT1sIa
20:34:50,427  INFO [main] com.documentum.fc.impl.RuntimeContext - DFC Version is 6.7.1000.0027
20:34:50,891  INFO [Timer-1] com.documentum.fc.client.impl.bof.cache.ClassCacheManager$CacheCleanupTask - [DFC_BOF_RUNNING_CLEANUP] Running class cache cleanup task
20:34:50,933  INFO [Timer-1] com.documentum.fc.client.impl.bof.cache.CacheManifest - [DFC_BOF_FILE_REMOVED] File C:\Documentum\cache\6.7.1000.0027\bof\ASED\0900000280001867.jar was deleted from the file system since it is no longer in use.
20:34:50,971  INFO [Timer-1] com.documentum.fc.client.impl.bof.cache.CacheManifest - [DFC_BOF_FILE_REMOVED] File C:\Documentum\cache\6.7.1000.0027\bof\ASED\0900000280001873.jar was deleted from the file system since it is no longer in use.
20:34:50,972  INFO [Timer-1] com.documentum.fc.client.impl.bof.cache.CacheManifest - [DFC_BOF_FILE_REMOVED] File C:\Documentum\cache\6.7.1000.0027\bof\ASED\090000028000117f.jar was deleted from the file system since it is no longer in use.
20:34:50,984  INFO [Timer-1] com.documentum.fc.client.impl.bof.cache.CacheManifest - [DFC_BOF_FILE_REMOVED] File C:\Documentum\cache\6.7.1000.0027\bof\ASED\090000028000112b.jar was deleted from the file system since it is no longer in use.
20:34:50,990  INFO [Timer-1] com.documentum.fc.client.impl.bof.cache.CacheManifest - [DFC_BOF_FILE_REMOVED] File C:\Documentum\cache\6.7.1000.0027\bof\ASED\09000002800016cc.jar was deleted from the file system since it is no longer in use.
20:34:50,991  INFO [Timer-1] com.documentum.fc.client.impl.bof.cache.CacheManifest - [DFC_BOF_FILE_REMOVED] File C:\Documentum\cache\6.7.1000.0027\bof\ASED\090000028000112c.jar was deleted from the file system since it is no longer in use.
20:34:51,007  INFO [Timer-1] com.documentum.fc.client.impl.bof.cache.CacheManifest - [DFC_BOF_FILE_REMOVED] File C:\Documentum\cache\6.7.1000.0027\bof\ASED\09000002800a7796.jar was deleted from the file system since it is no longer in use.
20:34:51,007  INFO [Timer-1] com.documentum.fc.client.impl.bof.cache.CacheManifest - [DFC_BOF_FILE_REMOVED] File C:\Documentum\cache\6.7.1000.0027\bof\ASED\09000002800a77a6.jar was deleted from the file system since it is no longer in use.
20:34:51,017  INFO [Timer-1] com.documentum.fc.client.impl.bof.cache.CacheManifest - [DFC_BOF_FILE_REMOVED] File C:\Documentum\cache\6.7.1000.0027\bof\ASED\09000002800a77a4.jar was deleted from the file system since it is no longer in use.
20:34:51,018  INFO [Timer-1] com.documentum.fc.client.impl.bof.cache.CacheManifest - [DFC_BOF_FILE_REMOVED] File C:\Documentum\cache\6.7.1000.0027\bof\ASED\09000002800a77a8.jar was deleted from the file system since it is no longer in use.
20:34:51,019  INFO [Timer-1] com.documentum.fc.client.impl.bof.cache.CacheManifest - [DFC_BOF_FILE_REMOVED] File C:\Documentum\cache\6.7.1000.0027\bof\ASED\09000002800a7794.jar was deleted from the file system since it is no longer in use.
20:34:51,020  INFO [Timer-1] com.documentum.fc.client.impl.bof.cache.CacheManifest - [DFC_BOF_FILE_REMOVED] File C:\Documentum\cache\6.7.1000.0027\bof\ASED\09000002800a77a2.jar was deleted from the file system since it is no longer in use.
20:34:51,021  INFO [Timer-1] com.documentum.fc.client.impl.bof.cache.CacheManifest - [DFC_BOF_FILE_REMOVED] File C:\Documentum\cache\6.7.1000.0027\bof\ASED\09000002800a779c.jar was deleted from the file system since it is no longer in use.
20:34:51,058  INFO [Timer-1] com.documentum.fc.client.impl.bof.cache.CacheManifest - [DFC_BOF_FILE_REMOVED] File C:\Documentum\cache\6.7.1000.0027\bof\ASED\09000002800a7792.jar was deleted from the file system since it is no longer in use.
20:34:51,059  INFO [Timer-1] com.documentum.fc.client.impl.bof.cache.CacheManifest - [DFC_BOF_FILE_REMOVED] File C:\Documentum\cache\6.7.1000.0027\bof\ASED\09000002800b402b.jar was deleted from the file system since it is no longer in use.
20:34:51,159  INFO [main] com.documentum.fc.client.impl.connection.docbase.DocbaseConnection - Object protocol version 2
20:34:51,199  INFO [main] com.documentum.fc.client.security.internal.AuthenticationMgr - new identity bundle <dfc_sBv3sSX5wRtUA9LCvDiSAcUT1sIa	1371573291	inv4610-pc.msk.i-teco.ru		Hs6tIaUAX8DRCGyoGpW3x+z7VfOeLclFfMdNpQmeG3hzA02LMgH5LDhM/49QYf57xdHpWXEyq52HQMGjLnVBH/U+ghLO5BPQHKyPwT/q74BMAT1VE1k+nqGqrZZl9TX3Q/jHfeakhrXNFlgq53ICZOgySWUo/AGfTWBSHy0Qnck=>
20:34:51,534  INFO [main] com.documentum.fc.client.security.impl.JKSKeystoreUtilForDfc - keystore file name is D:\SVNProjects\hudson_dc_execution\out\production\hudson_dc_execution\dfc.keystore
20:34:51,688  INFO [main] com.documentum.fc.client.security.impl.DfcIdentityPublisher - found client registration: false
20:34:52,575  INFO [main] com.documentum.fc.client.privilege.impl.PublicKeyCertificate - stored certificate for CN 
20:34:52,816  INFO [main] com.documentum.fc.client.security.impl.IpAndRcHelper - filling in dbuio a new record with this persistent certificate:
-----BEGIN CERTIFICATE-----
MIICGjCCAYMCEE/pof4sIU3Usz49lV5s/1owDQYJKoZIhvcNAQEFBQAwTjETMBEG
A1UECwwKRG9jdW1lbnR1bTEMMAoGA1UECgwDRU1DMSkwJwYDVQQDDCBkZmNfc0J2
M3NTWDV3UnRVQTlMQ3ZEaVNBY1VUMXNJYTAeFw0xMzA2MTgxNjI5NDlaFw0yMzA2
MTYxNjM0NDlaME4xEzARBgNVBAsMCkRvY3VtZW50dW0xDDAKBgNVBAoMA0VNQzEp
MCcGA1UEAwwgZGZjX3NCdjNzU1g1d1J0VUE5TEN2RGlTQWNVVDFzSWEwgZ8wDQYJ
KoZIhvcNAQEBBQADgY0AMIGJAoGBALQmLJ6QW4m3c/zi2nl0PbFscpy4n/Pf5WH/
laQLT1d0TyZmW/t3gtKWovF3PrEfj6Hb5ZzbWJToiHEF+C8NVnP0Rjkz2ZV8Ut8M
FYPA/WxyRy0CPc0zKdxaWqrFC3E0NN4UTCyXJYtod6CzV6UERI4NsQSUTDKGSgNR
3k31a7E/AgMBAAEwDQYJKoZIhvcNAQEFBQADgYEAUk1BeT76Jour81iY54pnvEcc
uwaS5wRZE5uvX4XM5ywp827vHeRROVN33qVsIcpnvqWc2EWk8LP8anTx9dF/NhZ4
3gQSLNkde9aRfXtjvs1xIz8gJ9g8qULZ4N40kN6mPK+3LcyAQvndqtcLjvLoLAgL
2wDAncDTRKiaC4cxCcY=
-----END CERTIFICATE-----
20:34:52,822  INFO [main] com.documentum.fc.client.security.impl.DfcIdentityPublisher - found client registration: false
20:34:53,189  INFO [main] com.documentum.fc.client.security.impl.IpAndRcHelper - filling a new registration record for dfc_sBv3sSX5wRtUA9LCvDiSAcUT1sIa
20:34:53,316  INFO [main] com.documentum.fc.client.security.impl.DfcIdentityPublisher - [DFC_SECURITY_GR_REGISTRATION_PUBLISH] this dfc instance is now published in the global registry dbuio
20:34:53,406  INFO [main] com.documentum.fc.client.impl.connection.docbase.DocbaseConnection - Object protocol version 2
20:34:54,043  WARN [main] root - Execution result of method with name precondition is true
20:34:54,235  WARN [main] root - Execution result of method with name dc is true
20:34:54,259  WARN [main] root - Execution result of method with name precondition is false
20:37:18,387  WARN [main] com.documentum.fc.common.DfPreferences - [DFC_PREFERENCE_UNKNOWN_NAME] "dfc.session.maximum_count" is not a recognized preference name
com.documentum.fc.impl.util.ThrowableStack
	at com.documentum.fc.common.impl.preferences.TypedPreferences.warnOnceAboutUnknownPreference(TypedPreferences.java:420)
	at com.documentum.fc.common.impl.preferences.TypedPreferences.warnAboutUnknownPreferences(TypedPreferences.java:411)
	at com.documentum.fc.common.impl.preferences.TypedPreferences.loadProperties(TypedPreferences.java:335)
	at com.documentum.fc.common.DfPreferences.loadProperties(DfPreferences.java:377)
	at com.documentum.fc.common.impl.preferences.PreferencesManager.<init>(PreferencesManager.java:42)
	at com.documentum.fc.common.DfPreferences.initialize(DfPreferences.java:64)
	at com.documentum.fc.common.DfPreferences.getInstance(DfPreferences.java:43)
	at com.documentum.fc.client.DfSimpleDbor.getDefaultDbor(DfSimpleDbor.java:78)
	at com.documentum.fc.client.DfSimpleDbor.<init>(DfSimpleDbor.java:66)
	at com.documentum.fc.client.DfClient$ClientImpl.<init>(DfClient.java:334)
	at com.documentum.fc.client.DfClient.<clinit>(DfClient.java:728)
	at com.documentum.com.DfClientX.getLocalClient(DfClientX.java:43)
	at util.Utils.getSession(Utils.java:37)
	at main.test.DQLExecutorMainTest.main(DQLExecutorMainTest.java:43)
	at sun.reflect.NativeMethodAccessorImpl.invoke0(Native Method)
	at sun.reflect.NativeMethodAccessorImpl.invoke(NativeMethodAccessorImpl.java:39)
	at sun.reflect.DelegatingMethodAccessorImpl.invoke(DelegatingMethodAccessorImpl.java:25)
	at java.lang.reflect.Method.invoke(Method.java:597)
	at com.intellij.rt.execution.application.AppMain.main(AppMain.java:120)
20:37:18,955  WARN [main] com.documentum.fc.common.DfPreferences - [DFC_PREFERENCE_UNKNOWN_NAME] "dfc.session.maximum_count" is not a recognized preference name
com.documentum.fc.impl.util.ThrowableStack
	at com.documentum.fc.common.impl.preferences.TypedPreferences.warnOnceAboutUnknownPreference(TypedPreferences.java:420)
	at com.documentum.fc.common.impl.preferences.TypedPreferences.warnAboutUnknownPreferences(TypedPreferences.java:411)
	at com.documentum.fc.common.impl.preferences.TypedPreferences.loadProperties(TypedPreferences.java:335)
	at com.documentum.fc.common.DfPreferences.loadProperties(DfPreferences.java:377)
	at com.documentum.fc.common.impl.preferences.PreferencesManager.<init>(PreferencesManager.java:43)
	at com.documentum.fc.common.DfPreferences.initialize(DfPreferences.java:64)
	at com.documentum.fc.common.DfPreferences.getInstance(DfPreferences.java:43)
	at com.documentum.fc.client.DfSimpleDbor.getDefaultDbor(DfSimpleDbor.java:78)
	at com.documentum.fc.client.DfSimpleDbor.<init>(DfSimpleDbor.java:66)
	at com.documentum.fc.client.DfClient$ClientImpl.<init>(DfClient.java:334)
	at com.documentum.fc.client.DfClient.<clinit>(DfClient.java:728)
	at com.documentum.com.DfClientX.getLocalClient(DfClientX.java:43)
	at util.Utils.getSession(Utils.java:37)
	at main.test.DQLExecutorMainTest.main(DQLExecutorMainTest.java:43)
	at sun.reflect.NativeMethodAccessorImpl.invoke0(Native Method)
	at sun.reflect.NativeMethodAccessorImpl.invoke(NativeMethodAccessorImpl.java:39)
	at sun.reflect.DelegatingMethodAccessorImpl.invoke(DelegatingMethodAccessorImpl.java:25)
	at java.lang.reflect.Method.invoke(Method.java:597)
	at com.intellij.rt.execution.application.AppMain.main(AppMain.java:120)
20:37:19,025  INFO [main] com.documentum.fc.client.security.impl.JKSKeystoreUtilForDfc - keystore file name is D:\SVNProjects\hudson_dc_execution\out\production\hudson_dc_execution\dfc.keystore
20:37:19,030  INFO [main] com.documentum.fc.client.security.impl.InitializeKeystoreForDfc - [DFC_SECURITY_IDENTITY_LOADED] Loaded identity from keystore, DFC alias=dfc, identity=dfc_sBv3sSX5wRtUA9LCvDiSAcUT1sIa
20:37:19,032  INFO [main] com.documentum.fc.client.security.impl.AuthenticationMgrForDfc - identity for authentication is dfc_sBv3sSX5wRtUA9LCvDiSAcUT1sIa
20:37:19,036  INFO [main] com.documentum.fc.impl.RuntimeContext - DFC Version is 6.7.1000.0027
20:37:19,406  INFO [Timer-1] com.documentum.fc.client.impl.bof.cache.ClassCacheManager$CacheCleanupTask - [DFC_BOF_RUNNING_CLEANUP] Running class cache cleanup task
20:37:19,431  INFO [Timer-1] com.documentum.fc.client.impl.bof.cache.CacheManifest - [DFC_BOF_FILE_REMOVED] File C:\Documentum\cache\6.7.1000.0027\bof\ASED\0900000280001869.jar was deleted from the file system since it is no longer in use.
20:37:19,432  INFO [Timer-1] com.documentum.fc.client.impl.bof.cache.CacheManifest - [DFC_BOF_FILE_REMOVED] File C:\Documentum\cache\6.7.1000.0027\bof\ASED\0900000280000962.jar was deleted from the file system since it is no longer in use.
20:37:19,433  INFO [Timer-1] com.documentum.fc.client.impl.bof.cache.CacheManifest - [DFC_BOF_FILE_REMOVED] File C:\Documentum\cache\6.7.1000.0027\bof\ASED\090000028000167f.jar was deleted from the file system since it is no longer in use.
20:37:19,434  INFO [Timer-1] com.documentum.fc.client.impl.bof.cache.CacheManifest - [DFC_BOF_FILE_REMOVED] File C:\Documentum\cache\6.7.1000.0027\bof\ASED\090000028000112d.jar was deleted from the file system since it is no longer in use.
20:37:19,435  INFO [Timer-1] com.documentum.fc.client.impl.bof.cache.CacheManifest - [DFC_BOF_FILE_REMOVED] File C:\Documentum\cache\6.7.1000.0027\bof\ASED\09000002800a7788.jar was deleted from the file system since it is no longer in use.
20:37:19,435  INFO [Timer-1] com.documentum.fc.client.impl.bof.cache.CacheManifest - [DFC_BOF_FILE_REMOVED] File C:\Documentum\cache\6.7.1000.0027\bof\ASED\09000002800a777a.jar was deleted from the file system since it is no longer in use.
20:37:19,436  INFO [Timer-1] com.documentum.fc.client.impl.bof.cache.CacheManifest - [DFC_BOF_FILE_REMOVED] File C:\Documentum\cache\6.7.1000.0027\bof\ASED\09000002800a7780.jar was deleted from the file system since it is no longer in use.
20:37:19,472  INFO [Timer-1] com.documentum.fc.client.impl.bof.cache.CacheManifest - [DFC_BOF_FILE_REMOVED] File C:\Documentum\cache\6.7.1000.0027\bof\ASED\09000002800b4053.jar was deleted from the file system since it is no longer in use.
20:37:19,632  INFO [main] com.documentum.fc.client.impl.connection.docbase.DocbaseConnection - Object protocol version 2
20:37:19,679  INFO [main] com.documentum.fc.client.security.internal.AuthenticationMgr - new identity bundle <dfc_sBv3sSX5wRtUA9LCvDiSAcUT1sIa	1371573439	inv4610-pc.msk.i-teco.ru		hCRUB6wSDJldmSza2hAoanei3KVUBeIH1XwPgkI3esbihY0yO7dopBKMLyq9kP6lH/FORLqVv09ss3vrEzvuxne8xENfamLl/YT2AO0tLO1cL+qSwTXc6gv0KB9KoErfJ2RSC8ED7fb6b0DeKficYSJI6Q+6Ppb5Lt4YmevsHCA=>
20:37:19,977  INFO [main] com.documentum.fc.client.security.impl.JKSKeystoreUtilForDfc - keystore file name is D:\SVNProjects\hudson_dc_execution\out\production\hudson_dc_execution\dfc.keystore
20:37:20,597  INFO [main] com.documentum.fc.client.security.impl.DfcIdentityPublisher - found client registration: true
20:37:20,774  INFO [main] com.documentum.fc.client.impl.connection.docbase.DocbaseConnection - Object protocol version 2
20:37:21,392  WARN [main] root - Execution result of method with name precondition is true
20:37:21,438  WARN [main] root - Execution result of method with name dc is false
20:37:42,129  WARN [main] com.documentum.fc.common.DfPreferences - [DFC_PREFERENCE_UNKNOWN_NAME] "dfc.session.maximum_count" is not a recognized preference name
com.documentum.fc.impl.util.ThrowableStack
	at com.documentum.fc.common.impl.preferences.TypedPreferences.warnOnceAboutUnknownPreference(TypedPreferences.java:420)
	at com.documentum.fc.common.impl.preferences.TypedPreferences.warnAboutUnknownPreferences(TypedPreferences.java:411)
	at com.documentum.fc.common.impl.preferences.TypedPreferences.loadProperties(TypedPreferences.java:335)
	at com.documentum.fc.common.DfPreferences.loadProperties(DfPreferences.java:377)
	at com.documentum.fc.common.impl.preferences.PreferencesManager.<init>(PreferencesManager.java:42)
	at com.documentum.fc.common.DfPreferences.initialize(DfPreferences.java:64)
	at com.documentum.fc.common.DfPreferences.getInstance(DfPreferences.java:43)
	at com.documentum.fc.client.DfSimpleDbor.getDefaultDbor(DfSimpleDbor.java:78)
	at com.documentum.fc.client.DfSimpleDbor.<init>(DfSimpleDbor.java:66)
	at com.documentum.fc.client.DfClient$ClientImpl.<init>(DfClient.java:334)
	at com.documentum.fc.client.DfClient.<clinit>(DfClient.java:728)
	at com.documentum.com.DfClientX.getLocalClient(DfClientX.java:43)
	at util.Utils.getSession(Utils.java:37)
	at main.test.DQLExecutorMainTest.main(DQLExecutorMainTest.java:43)
	at sun.reflect.NativeMethodAccessorImpl.invoke0(Native Method)
	at sun.reflect.NativeMethodAccessorImpl.invoke(NativeMethodAccessorImpl.java:39)
	at sun.reflect.DelegatingMethodAccessorImpl.invoke(DelegatingMethodAccessorImpl.java:25)
	at java.lang.reflect.Method.invoke(Method.java:597)
	at com.intellij.rt.execution.application.AppMain.main(AppMain.java:120)
20:37:42,695  WARN [main] com.documentum.fc.common.DfPreferences - [DFC_PREFERENCE_UNKNOWN_NAME] "dfc.session.maximum_count" is not a recognized preference name
com.documentum.fc.impl.util.ThrowableStack
	at com.documentum.fc.common.impl.preferences.TypedPreferences.warnOnceAboutUnknownPreference(TypedPreferences.java:420)
	at com.documentum.fc.common.impl.preferences.TypedPreferences.warnAboutUnknownPreferences(TypedPreferences.java:411)
	at com.documentum.fc.common.impl.preferences.TypedPreferences.loadProperties(TypedPreferences.java:335)
	at com.documentum.fc.common.DfPreferences.loadProperties(DfPreferences.java:377)
	at com.documentum.fc.common.impl.preferences.PreferencesManager.<init>(PreferencesManager.java:43)
	at com.documentum.fc.common.DfPreferences.initialize(DfPreferences.java:64)
	at com.documentum.fc.common.DfPreferences.getInstance(DfPreferences.java:43)
	at com.documentum.fc.client.DfSimpleDbor.getDefaultDbor(DfSimpleDbor.java:78)
	at com.documentum.fc.client.DfSimpleDbor.<init>(DfSimpleDbor.java:66)
	at com.documentum.fc.client.DfClient$ClientImpl.<init>(DfClient.java:334)
	at com.documentum.fc.client.DfClient.<clinit>(DfClient.java:728)
	at com.documentum.com.DfClientX.getLocalClient(DfClientX.java:43)
	at util.Utils.getSession(Utils.java:37)
	at main.test.DQLExecutorMainTest.main(DQLExecutorMainTest.java:43)
	at sun.reflect.NativeMethodAccessorImpl.invoke0(Native Method)
	at sun.reflect.NativeMethodAccessorImpl.invoke(NativeMethodAccessorImpl.java:39)
	at sun.reflect.DelegatingMethodAccessorImpl.invoke(DelegatingMethodAccessorImpl.java:25)
	at java.lang.reflect.Method.invoke(Method.java:597)
	at com.intellij.rt.execution.application.AppMain.main(AppMain.java:120)
20:37:42,763  INFO [main] com.documentum.fc.client.security.impl.JKSKeystoreUtilForDfc - keystore file name is D:\SVNProjects\hudson_dc_execution\out\production\hudson_dc_execution\dfc.keystore
20:37:42,769  INFO [main] com.documentum.fc.client.security.impl.InitializeKeystoreForDfc - [DFC_SECURITY_IDENTITY_LOADED] Loaded identity from keystore, DFC alias=dfc, identity=dfc_sBv3sSX5wRtUA9LCvDiSAcUT1sIa
20:37:42,770  INFO [main] com.documentum.fc.client.security.impl.AuthenticationMgrForDfc - identity for authentication is dfc_sBv3sSX5wRtUA9LCvDiSAcUT1sIa
20:37:42,773  INFO [main] com.documentum.fc.impl.RuntimeContext - DFC Version is 6.7.1000.0027
20:37:43,130  INFO [Timer-1] com.documentum.fc.client.impl.bof.cache.ClassCacheManager$CacheCleanupTask - [DFC_BOF_RUNNING_CLEANUP] Running class cache cleanup task
20:37:43,171  INFO [Timer-1] com.documentum.fc.client.impl.bof.cache.CacheManifest - [DFC_BOF_FILE_REMOVED] File C:\Documentum\cache\6.7.1000.0027\bof\ASED\090000028000105d.jar was deleted from the file system since it is no longer in use.
20:37:43,186  INFO [Timer-1] com.documentum.fc.client.impl.bof.cache.CacheManifest - [DFC_BOF_FILE_REMOVED] File C:\Documentum\cache\6.7.1000.0027\bof\ASED\0900000280001122.jar was deleted from the file system since it is no longer in use.
20:37:43,187  INFO [Timer-1] com.documentum.fc.client.impl.bof.cache.CacheManifest - [DFC_BOF_FILE_REMOVED] File C:\Documentum\cache\6.7.1000.0027\bof\ASED\09000002800a778c.jar was deleted from the file system since it is no longer in use.
20:37:43,192  INFO [Timer-1] com.documentum.fc.client.impl.bof.cache.CacheManifest - [DFC_BOF_FILE_REMOVED] File C:\Documentum\cache\6.7.1000.0027\bof\ASED\09000002800a7778.jar was deleted from the file system since it is no longer in use.
20:37:43,332  INFO [main] com.documentum.fc.client.impl.connection.docbase.DocbaseConnection - Object protocol version 2
20:37:43,369  INFO [main] com.documentum.fc.client.security.internal.AuthenticationMgr - new identity bundle <dfc_sBv3sSX5wRtUA9LCvDiSAcUT1sIa	1371573463	inv4610-pc.msk.i-teco.ru		b5pXBueTasNrGhudvCZv6yNwmSx6VHzk5UNDuWbwEWnQS5uSBuI2HSEkfFBrXkg9QsbWjuUNdAjgPhdsltv9IEwdqRc7QOhS95WGYdaHAjJG4R0NaBZt4i9D4jPstXslVUOB5mzknkBQRg2k1tNxpxSjw+i+vIiAEGanFDbk10k=>
20:37:43,650  INFO [main] com.documentum.fc.client.security.impl.JKSKeystoreUtilForDfc - keystore file name is D:\SVNProjects\hudson_dc_execution\out\production\hudson_dc_execution\dfc.keystore
20:37:44,177  INFO [main] com.documentum.fc.client.security.impl.DfcIdentityPublisher - found client registration: true
20:37:44,312  INFO [main] com.documentum.fc.client.impl.connection.docbase.DocbaseConnection - Object protocol version 2
20:37:45,014  WARN [main] root - Execution result of method with name precondition is true
20:37:45,061  WARN [main] root - Execution result of method with name dc is true
20:37:45,068  WARN [main] root - Execution result of method with name precondition is false
20:44:39,035  WARN [main] com.documentum.fc.common.DfPreferences - [DFC_PREFERENCE_UNKNOWN_NAME] "dfc.session.maximum_count" is not a recognized preference name
com.documentum.fc.impl.util.ThrowableStack
	at com.documentum.fc.common.impl.preferences.TypedPreferences.warnOnceAboutUnknownPreference(TypedPreferences.java:420)
	at com.documentum.fc.common.impl.preferences.TypedPreferences.warnAboutUnknownPreferences(TypedPreferences.java:411)
	at com.documentum.fc.common.impl.preferences.TypedPreferences.loadProperties(TypedPreferences.java:335)
	at com.documentum.fc.common.DfPreferences.loadProperties(DfPreferences.java:377)
	at com.documentum.fc.common.impl.preferences.PreferencesManager.<init>(PreferencesManager.java:42)
	at com.documentum.fc.common.DfPreferences.initialize(DfPreferences.java:64)
	at com.documentum.fc.common.DfPreferences.getInstance(DfPreferences.java:43)
	at com.documentum.fc.client.DfSimpleDbor.getDefaultDbor(DfSimpleDbor.java:78)
	at com.documentum.fc.client.DfSimpleDbor.<init>(DfSimpleDbor.java:66)
	at com.documentum.fc.client.DfClient$ClientImpl.<init>(DfClient.java:334)
	at com.documentum.fc.client.DfClient.<clinit>(DfClient.java:728)
	at com.documentum.com.DfClientX.getLocalClient(DfClientX.java:43)
	at util.Utils.getSession(Utils.java:37)
	at main.test.DQLExecutorMainTest.main(DQLExecutorMainTest.java:43)
	at sun.reflect.NativeMethodAccessorImpl.invoke0(Native Method)
	at sun.reflect.NativeMethodAccessorImpl.invoke(NativeMethodAccessorImpl.java:39)
	at sun.reflect.DelegatingMethodAccessorImpl.invoke(DelegatingMethodAccessorImpl.java:25)
	at java.lang.reflect.Method.invoke(Method.java:597)
	at com.intellij.rt.execution.application.AppMain.main(AppMain.java:120)
20:44:39,591  WARN [main] com.documentum.fc.common.DfPreferences - [DFC_PREFERENCE_UNKNOWN_NAME] "dfc.session.maximum_count" is not a recognized preference name
com.documentum.fc.impl.util.ThrowableStack
	at com.documentum.fc.common.impl.preferences.TypedPreferences.warnOnceAboutUnknownPreference(TypedPreferences.java:420)
	at com.documentum.fc.common.impl.preferences.TypedPreferences.warnAboutUnknownPreferences(TypedPreferences.java:411)
	at com.documentum.fc.common.impl.preferences.TypedPreferences.loadProperties(TypedPreferences.java:335)
	at com.documentum.fc.common.DfPreferences.loadProperties(DfPreferences.java:377)
	at com.documentum.fc.common.impl.preferences.PreferencesManager.<init>(PreferencesManager.java:43)
	at com.documentum.fc.common.DfPreferences.initialize(DfPreferences.java:64)
	at com.documentum.fc.common.DfPreferences.getInstance(DfPreferences.java:43)
	at com.documentum.fc.client.DfSimpleDbor.getDefaultDbor(DfSimpleDbor.java:78)
	at com.documentum.fc.client.DfSimpleDbor.<init>(DfSimpleDbor.java:66)
	at com.documentum.fc.client.DfClient$ClientImpl.<init>(DfClient.java:334)
	at com.documentum.fc.client.DfClient.<clinit>(DfClient.java:728)
	at com.documentum.com.DfClientX.getLocalClient(DfClientX.java:43)
	at util.Utils.getSession(Utils.java:37)
	at main.test.DQLExecutorMainTest.main(DQLExecutorMainTest.java:43)
	at sun.reflect.NativeMethodAccessorImpl.invoke0(Native Method)
	at sun.reflect.NativeMethodAccessorImpl.invoke(NativeMethodAccessorImpl.java:39)
	at sun.reflect.DelegatingMethodAccessorImpl.invoke(DelegatingMethodAccessorImpl.java:25)
	at java.lang.reflect.Method.invoke(Method.java:597)
	at com.intellij.rt.execution.application.AppMain.main(AppMain.java:120)
20:44:39,664  INFO [main] com.documentum.fc.client.security.impl.JKSKeystoreUtilForDfc - keystore file name is D:\SVNProjects\hudson_dc_execution\out\production\hudson_dc_execution\dfc.keystore
20:44:39,670  INFO [main] com.documentum.fc.client.security.impl.InitializeKeystoreForDfc - [DFC_SECURITY_IDENTITY_LOADED] Loaded identity from keystore, DFC alias=dfc, identity=dfc_sBv3sSX5wRtUA9LCvDiSAcUT1sIa
20:44:39,671  INFO [main] com.documentum.fc.client.security.impl.AuthenticationMgrForDfc - identity for authentication is dfc_sBv3sSX5wRtUA9LCvDiSAcUT1sIa
20:44:39,674  INFO [main] com.documentum.fc.impl.RuntimeContext - DFC Version is 6.7.1000.0027
20:44:40,009  INFO [Timer-1] com.documentum.fc.client.impl.bof.cache.ClassCacheManager$CacheCleanupTask - [DFC_BOF_RUNNING_CLEANUP] Running class cache cleanup task
20:44:40,046  INFO [Timer-1] com.documentum.fc.client.impl.bof.cache.CacheManifest - [DFC_BOF_FILE_REMOVED] File C:\Documentum\cache\6.7.1000.0027\bof\ASED\09000002800a778a.jar was deleted from the file system since it is no longer in use.
20:44:40,046  INFO [Timer-1] com.documentum.fc.client.impl.bof.cache.CacheManifest - [DFC_BOF_FILE_REMOVED] File C:\Documentum\cache\6.7.1000.0027\bof\ASED\09000002800b4041.jar was deleted from the file system since it is no longer in use.
20:44:40,212  INFO [main] com.documentum.fc.client.impl.connection.docbase.DocbaseConnection - Object protocol version 2
20:44:40,254  INFO [main] com.documentum.fc.client.security.internal.AuthenticationMgr - new identity bundle <dfc_sBv3sSX5wRtUA9LCvDiSAcUT1sIa	1371573880	inv4610-pc.msk.i-teco.ru		KMgiHodGg541UgjeTPdVFka6xyO3fwKtF01jOBwjqIQeiZ7vGs7w/FvRhezseTI+lL8aCa/HxV6TQMdwavnr+f4DqOrpQvDvGooUbcHXDWpQp/kfwOPSFoxXFYM+IM5wgqt7UgcDzfAsoN+KvmKOVeNGTTjiH+YlYS5Gpw7Tl3M=>
20:44:40,520  INFO [main] com.documentum.fc.client.security.impl.JKSKeystoreUtilForDfc - keystore file name is D:\SVNProjects\hudson_dc_execution\out\production\hudson_dc_execution\dfc.keystore
20:44:41,053  INFO [main] com.documentum.fc.client.security.impl.DfcIdentityPublisher - found client registration: true
20:44:41,172  INFO [main] com.documentum.fc.client.impl.connection.docbase.DocbaseConnection - Object protocol version 2
20:44:41,763  WARN [main] root - Execution result of method with name precondition is true
20:44:41,808  WARN [main] root - Execution result of method with name dc is true
20:44:41,816  WARN [main] root - Execution result of method with name precondition is false
20:46:28,947  WARN [main] com.documentum.fc.common.DfPreferences - [DFC_PREFERENCE_UNKNOWN_NAME] "dfc.session.maximum_count" is not a recognized preference name
com.documentum.fc.impl.util.ThrowableStack
	at com.documentum.fc.common.impl.preferences.TypedPreferences.warnOnceAboutUnknownPreference(TypedPreferences.java:420)
	at com.documentum.fc.common.impl.preferences.TypedPreferences.warnAboutUnknownPreferences(TypedPreferences.java:411)
	at com.documentum.fc.common.impl.preferences.TypedPreferences.loadProperties(TypedPreferences.java:335)
	at com.documentum.fc.common.DfPreferences.loadProperties(DfPreferences.java:377)
	at com.documentum.fc.common.impl.preferences.PreferencesManager.<init>(PreferencesManager.java:42)
	at com.documentum.fc.common.DfPreferences.initialize(DfPreferences.java:64)
	at com.documentum.fc.common.DfPreferences.getInstance(DfPreferences.java:43)
	at com.documentum.fc.client.DfSimpleDbor.getDefaultDbor(DfSimpleDbor.java:78)
	at com.documentum.fc.client.DfSimpleDbor.<init>(DfSimpleDbor.java:66)
	at com.documentum.fc.client.DfClient$ClientImpl.<init>(DfClient.java:334)
	at com.documentum.fc.client.DfClient.<clinit>(DfClient.java:728)
	at com.documentum.com.DfClientX.getLocalClient(DfClientX.java:43)
	at util.Utils.getSession(Utils.java:37)
	at main.test.DQLExecutorMainTest.main(DQLExecutorMainTest.java:43)
20:46:29,631  WARN [main] com.documentum.fc.common.DfPreferences - [DFC_PREFERENCE_UNKNOWN_NAME] "dfc.session.maximum_count" is not a recognized preference name
com.documentum.fc.impl.util.ThrowableStack
	at com.documentum.fc.common.impl.preferences.TypedPreferences.warnOnceAboutUnknownPreference(TypedPreferences.java:420)
	at com.documentum.fc.common.impl.preferences.TypedPreferences.warnAboutUnknownPreferences(TypedPreferences.java:411)
	at com.documentum.fc.common.impl.preferences.TypedPreferences.loadProperties(TypedPreferences.java:335)
	at com.documentum.fc.common.DfPreferences.loadProperties(DfPreferences.java:377)
	at com.documentum.fc.common.impl.preferences.PreferencesManager.<init>(PreferencesManager.java:43)
	at com.documentum.fc.common.DfPreferences.initialize(DfPreferences.java:64)
	at com.documentum.fc.common.DfPreferences.getInstance(DfPreferences.java:43)
	at com.documentum.fc.client.DfSimpleDbor.getDefaultDbor(DfSimpleDbor.java:78)
	at com.documentum.fc.client.DfSimpleDbor.<init>(DfSimpleDbor.java:66)
	at com.documentum.fc.client.DfClient$ClientImpl.<init>(DfClient.java:334)
	at com.documentum.fc.client.DfClient.<clinit>(DfClient.java:728)
	at com.documentum.com.DfClientX.getLocalClient(DfClientX.java:43)
	at util.Utils.getSession(Utils.java:37)
	at main.test.DQLExecutorMainTest.main(DQLExecutorMainTest.java:43)
20:46:29,811  INFO [main] com.documentum.fc.client.security.impl.JKSKeystoreUtilForDfc - keystore file name is D:\SVNProjects\hudson_dc_execution\out\production\hudson_dc_execution\dfc.keystore
20:46:29,817  INFO [main] com.documentum.fc.client.security.impl.InitializeKeystoreForDfc - [DFC_SECURITY_IDENTITY_LOADED] Loaded identity from keystore, DFC alias=dfc, identity=dfc_sBv3sSX5wRtUA9LCvDiSAcUT1sIa
20:46:29,822  INFO [main] com.documentum.fc.client.security.impl.AuthenticationMgrForDfc - identity for authentication is dfc_sBv3sSX5wRtUA9LCvDiSAcUT1sIa
20:46:29,825  INFO [main] com.documentum.fc.impl.RuntimeContext - DFC Version is 6.7.1000.0027
20:46:30,221  INFO [Timer-1] com.documentum.fc.client.impl.bof.cache.ClassCacheManager$CacheCleanupTask - [DFC_BOF_RUNNING_CLEANUP] Running class cache cleanup task
20:46:30,252  INFO [Timer-1] com.documentum.fc.client.impl.bof.cache.CacheManifest - [DFC_BOF_FILE_REMOVED] File C:\Documentum\cache\6.7.1000.0027\bof\ASED\09000002800a7786.jar was deleted from the file system since it is no longer in use.
20:46:30,527  INFO [main] com.documentum.fc.client.impl.connection.docbase.DocbaseConnection - Object protocol version 2
20:46:30,567  INFO [main] com.documentum.fc.client.security.internal.AuthenticationMgr - new identity bundle <dfc_sBv3sSX5wRtUA9LCvDiSAcUT1sIa	1371573990	inv4610-pc.msk.i-teco.ru		e3cwyyue21tuq5WzPY1qLbXLFKzYlueztsGySXXPF2ao9KZRqpePrUi+HdNv9V4PTBgfWvYXvv5KKXzteIN8WIS7ADIoCcgRfwVr7MGhZWGenqC7y8F4r24L3YmAMlHZxNB27etNUjqzpsjWC+2602uD3JM14oZuLo1AT3nInRE=>
20:46:30,884  INFO [main] com.documentum.fc.client.security.impl.JKSKeystoreUtilForDfc - keystore file name is D:\SVNProjects\hudson_dc_execution\out\production\hudson_dc_execution\dfc.keystore
20:46:31,517  INFO [main] com.documentum.fc.client.security.impl.DfcIdentityPublisher - found client registration: true
20:46:31,672  INFO [main] com.documentum.fc.client.impl.connection.docbase.DocbaseConnection - Object protocol version 2
20:46:35,591  INFO [main] root - select count(*) as c from dm_user where user_name like '%test%'
20:46:52,741  WARN [main] root - Execution result of method with name precondition is true
20:46:53,636  WARN [main] root - Execution result of method with name dc is true
20:46:56,012  INFO [main] root - select user_os_name, user_name from dm_user where user_name like '%test%'
20:47:45,582  WARN [main] root - Execution result of method with name precondition is false
20:48:11,208  WARN [main] com.documentum.fc.common.DfPreferences - [DFC_PREFERENCE_UNKNOWN_NAME] "dfc.session.maximum_count" is not a recognized preference name
com.documentum.fc.impl.util.ThrowableStack
	at com.documentum.fc.common.impl.preferences.TypedPreferences.warnOnceAboutUnknownPreference(TypedPreferences.java:420)
	at com.documentum.fc.common.impl.preferences.TypedPreferences.warnAboutUnknownPreferences(TypedPreferences.java:411)
	at com.documentum.fc.common.impl.preferences.TypedPreferences.loadProperties(TypedPreferences.java:335)
	at com.documentum.fc.common.DfPreferences.loadProperties(DfPreferences.java:377)
	at com.documentum.fc.common.impl.preferences.PreferencesManager.<init>(PreferencesManager.java:42)
	at com.documentum.fc.common.DfPreferences.initialize(DfPreferences.java:64)
	at com.documentum.fc.common.DfPreferences.getInstance(DfPreferences.java:43)
	at com.documentum.fc.client.DfSimpleDbor.getDefaultDbor(DfSimpleDbor.java:78)
	at com.documentum.fc.client.DfSimpleDbor.<init>(DfSimpleDbor.java:66)
	at com.documentum.fc.client.DfClient$ClientImpl.<init>(DfClient.java:334)
	at com.documentum.fc.client.DfClient.<clinit>(DfClient.java:728)
	at com.documentum.com.DfClientX.getLocalClient(DfClientX.java:43)
	at util.Utils.getSession(Utils.java:37)
	at main.test.DQLExecutorMainTest.main(DQLExecutorMainTest.java:43)
20:48:11,807  WARN [main] com.documentum.fc.common.DfPreferences - [DFC_PREFERENCE_UNKNOWN_NAME] "dfc.session.maximum_count" is not a recognized preference name
com.documentum.fc.impl.util.ThrowableStack
	at com.documentum.fc.common.impl.preferences.TypedPreferences.warnOnceAboutUnknownPreference(TypedPreferences.java:420)
	at com.documentum.fc.common.impl.preferences.TypedPreferences.warnAboutUnknownPreferences(TypedPreferences.java:411)
	at com.documentum.fc.common.impl.preferences.TypedPreferences.loadProperties(TypedPreferences.java:335)
	at com.documentum.fc.common.DfPreferences.loadProperties(DfPreferences.java:377)
	at com.documentum.fc.common.impl.preferences.PreferencesManager.<init>(PreferencesManager.java:43)
	at com.documentum.fc.common.DfPreferences.initialize(DfPreferences.java:64)
	at com.documentum.fc.common.DfPreferences.getInstance(DfPreferences.java:43)
	at com.documentum.fc.client.DfSimpleDbor.getDefaultDbor(DfSimpleDbor.java:78)
	at com.documentum.fc.client.DfSimpleDbor.<init>(DfSimpleDbor.java:66)
	at com.documentum.fc.client.DfClient$ClientImpl.<init>(DfClient.java:334)
	at com.documentum.fc.client.DfClient.<clinit>(DfClient.java:728)
	at com.documentum.com.DfClientX.getLocalClient(DfClientX.java:43)
	at util.Utils.getSession(Utils.java:37)
	at main.test.DQLExecutorMainTest.main(DQLExecutorMainTest.java:43)
20:48:11,894  INFO [main] com.documentum.fc.client.security.impl.JKSKeystoreUtilForDfc - keystore file name is D:\SVNProjects\hudson_dc_execution\out\production\hudson_dc_execution\dfc.keystore
20:48:11,900  INFO [main] com.documentum.fc.client.security.impl.InitializeKeystoreForDfc - [DFC_SECURITY_IDENTITY_LOADED] Loaded identity from keystore, DFC alias=dfc, identity=dfc_sBv3sSX5wRtUA9LCvDiSAcUT1sIa
20:48:11,902  INFO [main] com.documentum.fc.client.security.impl.AuthenticationMgrForDfc - identity for authentication is dfc_sBv3sSX5wRtUA9LCvDiSAcUT1sIa
20:48:11,905  INFO [main] com.documentum.fc.impl.RuntimeContext - DFC Version is 6.7.1000.0027
20:48:12,296  INFO [Timer-1] com.documentum.fc.client.impl.bof.cache.ClassCacheManager$CacheCleanupTask - [DFC_BOF_RUNNING_CLEANUP] Running class cache cleanup task
20:48:12,514  INFO [main] com.documentum.fc.client.impl.connection.docbase.DocbaseConnection - Object protocol version 2
20:48:12,554  INFO [main] com.documentum.fc.client.security.internal.AuthenticationMgr - new identity bundle <dfc_sBv3sSX5wRtUA9LCvDiSAcUT1sIa	1371574092	inv4610-pc.msk.i-teco.ru		gdGvQROzZFQu6WtLRxEneGxhj28SeTjg31ymwF7+eZ5GpTzJkXlB/YIXr+LX9X4jXLpZ8h68mQq/AcZ9lRRpi4+65t3iIho8pPKN2QyXlNQjoDH133NtoduMBOsKcj/eTrYDsXyoXPM4trh0wuWsUHXVXNMbSjY8r7O3EyYlBU0=>
20:48:12,858  INFO [main] com.documentum.fc.client.security.impl.JKSKeystoreUtilForDfc - keystore file name is D:\SVNProjects\hudson_dc_execution\out\production\hudson_dc_execution\dfc.keystore
20:48:13,494  INFO [main] com.documentum.fc.client.security.impl.DfcIdentityPublisher - found client registration: true
20:48:13,652  INFO [main] com.documentum.fc.client.impl.connection.docbase.DocbaseConnection - Object protocol version 2
20:48:15,873  INFO [main] root - select count(*) as c from dm_user where user_name like '%test%'
20:48:16,920  WARN [main] root - Execution result of method with name precondition is true
20:48:17,334  WARN [main] root - Execution result of method with name dc is true
20:48:18,255  INFO [main] root - select user_os_name, user_name from dm_user where user_name like '%test%'
20:52:21,544  WARN [main] root - Execution result of method with name precondition is false
20:52:37,401  WARN [main] com.documentum.fc.common.DfPreferences - [DFC_PREFERENCE_UNKNOWN_NAME] "dfc.session.maximum_count" is not a recognized preference name
com.documentum.fc.impl.util.ThrowableStack
	at com.documentum.fc.common.impl.preferences.TypedPreferences.warnOnceAboutUnknownPreference(TypedPreferences.java:420)
	at com.documentum.fc.common.impl.preferences.TypedPreferences.warnAboutUnknownPreferences(TypedPreferences.java:411)
	at com.documentum.fc.common.impl.preferences.TypedPreferences.loadProperties(TypedPreferences.java:335)
	at com.documentum.fc.common.DfPreferences.loadProperties(DfPreferences.java:377)
	at com.documentum.fc.common.impl.preferences.PreferencesManager.<init>(PreferencesManager.java:42)
	at com.documentum.fc.common.DfPreferences.initialize(DfPreferences.java:64)
	at com.documentum.fc.common.DfPreferences.getInstance(DfPreferences.java:43)
	at com.documentum.fc.client.DfSimpleDbor.getDefaultDbor(DfSimpleDbor.java:78)
	at com.documentum.fc.client.DfSimpleDbor.<init>(DfSimpleDbor.java:66)
	at com.documentum.fc.client.DfClient$ClientImpl.<init>(DfClient.java:334)
	at com.documentum.fc.client.DfClient.<clinit>(DfClient.java:728)
	at com.documentum.com.DfClientX.getLocalClient(DfClientX.java:43)
	at util.Utils.getSession(Utils.java:37)
	at main.test.DQLExecutorMainTest.main(DQLExecutorMainTest.java:43)
20:52:37,982  WARN [main] com.documentum.fc.common.DfPreferences - [DFC_PREFERENCE_UNKNOWN_NAME] "dfc.session.maximum_count" is not a recognized preference name
com.documentum.fc.impl.util.ThrowableStack
	at com.documentum.fc.common.impl.preferences.TypedPreferences.warnOnceAboutUnknownPreference(TypedPreferences.java:420)
	at com.documentum.fc.common.impl.preferences.TypedPreferences.warnAboutUnknownPreferences(TypedPreferences.java:411)
	at com.documentum.fc.common.impl.preferences.TypedPreferences.loadProperties(TypedPreferences.java:335)
	at com.documentum.fc.common.DfPreferences.loadProperties(DfPreferences.java:377)
	at com.documentum.fc.common.impl.preferences.PreferencesManager.<init>(PreferencesManager.java:43)
	at com.documentum.fc.common.DfPreferences.initialize(DfPreferences.java:64)
	at com.documentum.fc.common.DfPreferences.getInstance(DfPreferences.java:43)
	at com.documentum.fc.client.DfSimpleDbor.getDefaultDbor(DfSimpleDbor.java:78)
	at com.documentum.fc.client.DfSimpleDbor.<init>(DfSimpleDbor.java:66)
	at com.documentum.fc.client.DfClient$ClientImpl.<init>(DfClient.java:334)
	at com.documentum.fc.client.DfClient.<clinit>(DfClient.java:728)
	at com.documentum.com.DfClientX.getLocalClient(DfClientX.java:43)
	at util.Utils.getSession(Utils.java:37)
	at main.test.DQLExecutorMainTest.main(DQLExecutorMainTest.java:43)
20:52:38,063  INFO [main] com.documentum.fc.client.security.impl.JKSKeystoreUtilForDfc - keystore file name is D:\SVNProjects\hudson_dc_execution\out\production\hudson_dc_execution\dfc.keystore
20:52:38,070  INFO [main] com.documentum.fc.client.security.impl.InitializeKeystoreForDfc - [DFC_SECURITY_IDENTITY_LOADED] Loaded identity from keystore, DFC alias=dfc, identity=dfc_sBv3sSX5wRtUA9LCvDiSAcUT1sIa
20:52:38,071  INFO [main] com.documentum.fc.client.security.impl.AuthenticationMgrForDfc - identity for authentication is dfc_sBv3sSX5wRtUA9LCvDiSAcUT1sIa
20:52:38,074  INFO [main] com.documentum.fc.impl.RuntimeContext - DFC Version is 6.7.1000.0027
20:52:38,454  INFO [Timer-1] com.documentum.fc.client.impl.bof.cache.ClassCacheManager$CacheCleanupTask - [DFC_BOF_RUNNING_CLEANUP] Running class cache cleanup task
20:52:38,678  INFO [main] com.documentum.fc.client.impl.connection.docbase.DocbaseConnection - Object protocol version 2
20:52:38,720  INFO [main] com.documentum.fc.client.security.internal.AuthenticationMgr - new identity bundle <dfc_sBv3sSX5wRtUA9LCvDiSAcUT1sIa	1371574358	inv4610-pc.msk.i-teco.ru		eCCfwwfnZu+sDY3yG3yrYSLqMrFxnzUJAQ09iUGlBJ96GfOmuLK9pM0frqp4Xu8TTSJNvbJJqC2kQzjRWXAWHsCX5NZZPqnJrRHyUf26xTbG6bbmzRlbNHplzjy/cIpk25Fc/Yqa3wkkJMGlZq4hY8LYBnZ3HrJ4ZoA+V12Tdww=>
20:52:39,017  INFO [main] com.documentum.fc.client.security.impl.JKSKeystoreUtilForDfc - keystore file name is D:\SVNProjects\hudson_dc_execution\out\production\hudson_dc_execution\dfc.keystore
20:52:39,627  INFO [main] com.documentum.fc.client.security.impl.DfcIdentityPublisher - found client registration: true
20:52:39,771  INFO [main] com.documentum.fc.client.impl.connection.docbase.DocbaseConnection - Object protocol version 2
20:52:41,784  INFO [main] root - select count(*) as c from dm_user where user_name like '%test%'
20:52:43,010  WARN [main] root - Execution result of method with name precondition is true
20:52:43,617  WARN [main] root - Execution result of method with name dc is true
20:52:44,504  INFO [main] root - select user_os_name, user_name from dm_user where user_name like '%test%'
20:54:33,148  WARN [main] root - Execution result of method with name precondition is false
21:04:32,398  WARN [main] com.documentum.fc.common.DfPreferences - [DFC_PREFERENCE_UNKNOWN_NAME] "dfc.session.maximum_count" is not a recognized preference name
com.documentum.fc.impl.util.ThrowableStack
	at com.documentum.fc.common.impl.preferences.TypedPreferences.warnOnceAboutUnknownPreference(TypedPreferences.java:420)
	at com.documentum.fc.common.impl.preferences.TypedPreferences.warnAboutUnknownPreferences(TypedPreferences.java:411)
	at com.documentum.fc.common.impl.preferences.TypedPreferences.loadProperties(TypedPreferences.java:335)
	at com.documentum.fc.common.DfPreferences.loadProperties(DfPreferences.java:377)
	at com.documentum.fc.common.impl.preferences.PreferencesManager.<init>(PreferencesManager.java:42)
	at com.documentum.fc.common.DfPreferences.initialize(DfPreferences.java:64)
	at com.documentum.fc.common.DfPreferences.getInstance(DfPreferences.java:43)
	at com.documentum.fc.client.DfSimpleDbor.getDefaultDbor(DfSimpleDbor.java:78)
	at com.documentum.fc.client.DfSimpleDbor.<init>(DfSimpleDbor.java:66)
	at com.documentum.fc.client.DfClient$ClientImpl.<init>(DfClient.java:334)
	at com.documentum.fc.client.DfClient.<clinit>(DfClient.java:728)
	at com.documentum.com.DfClientX.getLocalClient(DfClientX.java:43)
	at util.Utils.getSession(Utils.java:37)
	at main.test.DQLExecutorMainTest.main(DQLExecutorMainTest.java:43)
	at sun.reflect.NativeMethodAccessorImpl.invoke0(Native Method)
	at sun.reflect.NativeMethodAccessorImpl.invoke(NativeMethodAccessorImpl.java:39)
	at sun.reflect.DelegatingMethodAccessorImpl.invoke(DelegatingMethodAccessorImpl.java:25)
	at java.lang.reflect.Method.invoke(Method.java:597)
	at com.intellij.rt.execution.application.AppMain.main(AppMain.java:120)
21:04:32,963  WARN [main] com.documentum.fc.common.DfPreferences - [DFC_PREFERENCE_UNKNOWN_NAME] "dfc.session.maximum_count" is not a recognized preference name
com.documentum.fc.impl.util.ThrowableStack
	at com.documentum.fc.common.impl.preferences.TypedPreferences.warnOnceAboutUnknownPreference(TypedPreferences.java:420)
	at com.documentum.fc.common.impl.preferences.TypedPreferences.warnAboutUnknownPreferences(TypedPreferences.java:411)
	at com.documentum.fc.common.impl.preferences.TypedPreferences.loadProperties(TypedPreferences.java:335)
	at com.documentum.fc.common.DfPreferences.loadProperties(DfPreferences.java:377)
	at com.documentum.fc.common.impl.preferences.PreferencesManager.<init>(PreferencesManager.java:43)
	at com.documentum.fc.common.DfPreferences.initialize(DfPreferences.java:64)
	at com.documentum.fc.common.DfPreferences.getInstance(DfPreferences.java:43)
	at com.documentum.fc.client.DfSimpleDbor.getDefaultDbor(DfSimpleDbor.java:78)
	at com.documentum.fc.client.DfSimpleDbor.<init>(DfSimpleDbor.java:66)
	at com.documentum.fc.client.DfClient$ClientImpl.<init>(DfClient.java:334)
	at com.documentum.fc.client.DfClient.<clinit>(DfClient.java:728)
	at com.documentum.com.DfClientX.getLocalClient(DfClientX.java:43)
	at util.Utils.getSession(Utils.java:37)
	at main.test.DQLExecutorMainTest.main(DQLExecutorMainTest.java:43)
	at sun.reflect.NativeMethodAccessorImpl.invoke0(Native Method)
	at sun.reflect.NativeMethodAccessorImpl.invoke(NativeMethodAccessorImpl.java:39)
	at sun.reflect.DelegatingMethodAccessorImpl.invoke(DelegatingMethodAccessorImpl.java:25)
	at java.lang.reflect.Method.invoke(Method.java:597)
	at com.intellij.rt.execution.application.AppMain.main(AppMain.java:120)
21:04:33,033  INFO [main] com.documentum.fc.client.security.impl.JKSKeystoreUtilForDfc - keystore file name is D:\SVNProjects\hudson_dc_execution\out\production\hudson_dc_execution\dfc.keystore
21:04:33,039  INFO [main] com.documentum.fc.client.security.impl.InitializeKeystoreForDfc - [DFC_SECURITY_IDENTITY_LOADED] Loaded identity from keystore, DFC alias=dfc, identity=dfc_sBv3sSX5wRtUA9LCvDiSAcUT1sIa
21:04:33,040  INFO [main] com.documentum.fc.client.security.impl.AuthenticationMgrForDfc - identity for authentication is dfc_sBv3sSX5wRtUA9LCvDiSAcUT1sIa
21:04:33,043  INFO [main] com.documentum.fc.impl.RuntimeContext - DFC Version is 6.7.1000.0027
21:04:33,385  INFO [Timer-1] com.documentum.fc.client.impl.bof.cache.ClassCacheManager$CacheCleanupTask - [DFC_BOF_RUNNING_CLEANUP] Running class cache cleanup task
21:04:33,584  INFO [main] com.documentum.fc.client.impl.connection.docbase.DocbaseConnection - Object protocol version 2
21:04:33,622  INFO [main] com.documentum.fc.client.security.internal.AuthenticationMgr - new identity bundle <dfc_sBv3sSX5wRtUA9LCvDiSAcUT1sIa	1371575073	inv4610-pc.msk.i-teco.ru		R2QnylhEFK735xcZBVGkgb+wNsJvSKqKWMQf1zJkPFMMeqES/96EPN8p2+ZfxH1LYME3tFcwyUO4+sRW0FuHsTGe/Jm4RGF/hUCe2XLOo2uC1ri0UODVWjlcH/Jbg/Em6TzSBkmJFPklqpvBQhnPZZy25QOiTHI5c/5koxpZU3Q=>
21:04:33,905  INFO [main] com.documentum.fc.client.security.impl.JKSKeystoreUtilForDfc - keystore file name is D:\SVNProjects\hudson_dc_execution\out\production\hudson_dc_execution\dfc.keystore
21:04:34,452  INFO [main] com.documentum.fc.client.security.impl.DfcIdentityPublisher - found client registration: true
21:04:34,595  INFO [main] com.documentum.fc.client.impl.connection.docbase.DocbaseConnection - Object protocol version 2
21:04:35,156  INFO [main] root - select count(*) as c from dm_user where user_name like '%test%'
21:04:35,192  WARN [main] root - Execution result of method with name precondition is true
21:04:35,251  WARN [main] root - Execution result of method with name dc is true
21:04:35,252  INFO [main] root - select user_os_name, user_name from dm_user where user_name like '%test%'
21:04:35,259  WARN [main] root - Execution result of method with name precondition is true
